<?xml version="1.0" encoding="UTF-8"?>
<!-- Generated by org.testng.reporters.JUnitReportReporter -->
<testsuite skipped="0" hostname="DESKTOP-DTOX247" name="seleniumDemo.BrowserLaunch_TestNG" tests="7" failures="0" timestamp="2021-12-15T12:51:20 IST" time="30.875" errors="0">
  <testcase name="negativeMultiplication" time="3.503" classname="seleniumDemo.BrowserLaunch_TestNG"/>
  <system-out/>
  <testcase name="PositveMultiplication" time="4.810" classname="seleniumDemo.BrowserLaunch_TestNG"/>
  <system-out/>
  <testcase name="SubtractionOfPositiveIntegers" time="4.304" classname="seleniumDemo.BrowserLaunch_TestNG"/>
  <system-out/>
  <testcase name="PositveNegativeAddition" time="4.259" classname="seleniumDemo.BrowserLaunch_TestNG"/>
  <system-out/>
  <testcase name="twoDigitAddition" time="3.995" classname="seleniumDemo.BrowserLaunch_TestNG"/>
  <system-out/>
  <testcase name="SubtractionOfNigativeIntegers" time="4.280" classname="seleniumDemo.BrowserLaunch_TestNG"/>
  <system-out/>
  <testcase name="threeDigitAddition" time="5.724" classname="seleniumDemo.BrowserLaunch_TestNG"/>
  <system-out/>
</testsuite> <!-- seleniumDemo.BrowserLaunch_TestNG -->
